<?xml version="1.0" encoding="UTF-8"?>
<!-- Generated by org.testng.reporters.JUnitXMLReporter -->
<testsuite ignored="0" hostname="DESKTOP-S3Q7NR0" failures="0" tests="3" name="Test" time="0.154" errors="0" timestamp="2022-07-28T15:33:23 IST">
  <testcase classname="base.BaseTest" name="@BeforeMethod setups" time="0.007">
    <failure type="java.lang.NullPointerException">
      <![CDATA[java.lang.NullPointerException
at base.BaseTest.setups(BaseTest.java:17)
at java.base/java.util.ArrayList.forEach(ArrayList.java:1541)
... Removed 31 stack frames]]>
    </failure>
  </testcase> <!-- @BeforeMethod setups -->
  <testcase classname="base.BaseTest" name="@AfterMethod teardown" time="-1.659002602573E9">
    <skipped/>
  </testcase> <!-- @AfterMethod teardown -->
  <testcase classname="base.BaseTest" name="@BeforeMethod setups" time="-1.659002602576E9">
    <skipped/>
  </testcase> <!-- @BeforeMethod setups -->
  <testcase classname="base.BaseTest" name="@AfterMethod teardown" time="-1.659002602586E9">
    <skipped/>
  </testcase> <!-- @AfterMethod teardown -->
  <testcase classname="base.BaseTest" name="@BeforeMethod setups" time="-1.659002602588E9">
    <skipped/>
  </testcase> <!-- @BeforeMethod setups -->
  <testcase classname="base.BaseTest" name="@AfterMethod teardown" time="-1.659002602601E9">
    <skipped/>
  </testcase> <!-- @AfterMethod teardown -->
  <testcase classname="tests.TestClass" name="testcase1" time="0.0">
    <skipped/>
  </testcase> <!-- testcase1 -->
  <testcase classname="tests.TestClass" name="testcase2" time="0.0">
    <skipped/>
  </testcase> <!-- testcase2 -->
  <testcase classname="tests.TestClass" name="testcase3" time="0.0">
    <skipped/>
  </testcase> <!-- testcase3 -->
</testsuite> <!-- Test -->
